build/app/outputs/logs/manifest-merger-release-report.txt
-- Merging decision tree log ---
application
INJECTED from src\main\AndroidManifest.xml:3:4-33:19
MERGED from [:firebase_auth] AndroidManifest.xml:9:5-15:19
MERGED from [:firebase_auth] AndroidManifest.xml:9:5-15:19
MERGED from [:firebase_storage] AndroidManifest.xml:9:5-15:19
MERGED from [:firebase_storage] AndroidManifest.xml:9:5-15:19
MERGED from [:cloud_firestore] AndroidManifest.xml:9:5-15:19
MERGED from [:cloud_firestore] AndroidManifest.xml:9:5-15:19
MERGED from [:firebase_core] AndroidManifest.xml:9:5-15:19
MERGED from [:firebase_core] AndroidManifest.xml:9:5-15:19
MERGED from [:image_picker_android] AndroidManifest.xml:9:5-19:19
MERGED from [:image_picker_android] AndroidManifest.xml:9:5-19:19
MERGED from [com.google.firebase:firebase-auth:22.3.1] AndroidManifest.xml:28:5-73:19
MERGED from [com.google.firebase:firebase-auth:22.3.1] AndroidManifest.xml:28:5-73:19
MERGED from [com.google.firebase:firebase-firestore:24.10.1] AndroidManifest.xml:13:5-24:19
MERGED from [com.google.firebase:firebase-firestore:24.10.1] AndroidManifest.xml:13:5-24:19
MERGED from [com.google.firebase:firebase-storage:20.3.0] AndroidManifest.xml:26:5-37:19
MERGED from [com.google.firebase:firebase-storage:20.3.0] AndroidManifest.xml:26:5-37:19
MERGED from [com.google.firebase:firebase-appcheck:17.1.1] AndroidManifest.xml:21:5-32:19
MERGED from [com.google.firebase:firebase-appcheck:17.1.1] AndroidManifest.xml:21:5-32:19
MERGED from [com.google.firebase:firebase-common-ktx:20.4.2] AndroidManifest.xml:8:5-16:19
MERGED from [com.google.firebase:firebase-common-ktx:20.4.2] AndroidManifest.xml:8:5-16:19
MERGED from [com.google.android.gms:play-services-auth:20.7.0] AndroidManifest.xml:22:5-38:19
MERGED from [com.google.android.gms:play-services-auth:20.7.0] AndroidManifest.xml:22:5-38:19
MERGED from [com.google.android.gms:play-services-fido:20.0.1] AndroidManifest.xml:7:5-8:19
MERGED from [com.google.android.gms:play-services-fido:20.0.1] AndroidManifest.xml:7:5-8:19
MERGED from [com.google.firebase:firebase-appcheck-interop:17.1.0] AndroidManifest.xml:21:5-20
MERGED from [com.google.firebase:firebase-appcheck-interop:17.1.0] AndroidManifest.xml:21:5-20
MERGED from [com.google.android.gms:play-services-base:18.0.1] AndroidManifest.xml:19:5-23:19
MERGED from [com.google.android.gms:play-services-base:18.0.1] AndroidManifest.xml:19:5-23:19
MERGED from [com.google.firebase:firebase-auth-interop:20.0.0] AndroidManifest.xml:7:5-8:19
MERGED from [com.google.firebase:firebase-auth-interop:20.0.0] AndroidManifest.xml:7:5-8:19
MERGED from [com.google.firebase:firebase-common:20.4.2] AndroidManifest.xml:22:5-39:19
MERGED from [com.google.firebase:firebase-common:20.4.2] AndroidManifest.xml:22:5-39:19
MERGED from [com.google.android.play:integrity:1.2.0] AndroidManifest.xml:5:5-6:19
MERGED from [com.google.android.play:integrity:1.2.0] AndroidManifest.xml:5:5-6:19
MERGED from [com.google.android.gms:play-services-tasks:18.0.2] AndroidManifest.xml:5:5-20
MERGED from [com.google.android.gms:play-services-tasks:18.0.2] AndroidManifest.xml:5:5-20
MERGED from [com.google.android.gms:play-services-basement:18.2.0] AndroidManifest.xml:20:5-24:19
MERGED from [com.google.android.gms:play-services-basement:18.2.0] AndroidManifest.xml:20:5-24:19
MERGED from [androidx.window:window:1.0.0-beta04] AndroidManifest.xml:24:5-31:19
MERGED from [androidx.window:window:1.0.0-beta04] AndroidManifest.xml:24:5-31:19
MERGED from [androidx.core:core:1.10.1] AndroidManifest.xml:28:5-89
MERGED from [androidx.core:core:1.10.1] AndroidManifest.xml:28:5-89
MERGED from [androidx.profileinstaller:profileinstaller:1.3.0] AndroidManifest.xml:23:5-53:19
MERGED from [androidx.profileinstaller:profileinstaller:1.3.0] AndroidManifest.xml:23:5-53:19
MERGED from [androidx.startup:startup-runtime:1.1.1] AndroidManifest.xml:25:5-31:19
MERGED from [androidx.startup:startup-runtime:1.1.1] AndroidManifest.xml:25:5-31:19
MERGED from [androidx.versionedparcelable:versionedparcelable:1.1.1] AndroidManifest.xml:24:5-25:19
MERGED from [androidx.versionedparcelable:versionedparcelable:1.1.1] AndroidManifest.xml:24:5-25:19
	android:appComponentFactory
		ADDED from [androidx.core:core:1.10.1] AndroidManifest.xml:28:18-86
	android:label
		ADDED from src\main\AndroidManifest.xml:4:9-33
	android:icon
		ADDED from src\main\AndroidManifest.xml:6:9-43
	android:name
		INJECTED from src\main\AndroidManifest.xml
		ADDED from src\main\AndroidManifest.xml:5:9-42
manifest
ADDED from src\main\AndroidManifest.xml:1:1-34:12
INJECTED from src\main\AndroidManifest.xml:1:1-34:12
INJECTED from src\main\AndroidManifest.xml:1:1-34:12
INJECTED from src\main\AndroidManifest.xml:1:1-34:12
MERGED from [:shared_preferences_android] AndroidManifest.xml:2:1-9:12
MERGED from [:firebase_auth] AndroidManifest.xml:2:1-17:12
MERGED from [:firebase_storage] AndroidManifest.xml:2:1-17:12
MERGED from [:cloud_firestore] AndroidManifest.xml:2:1-17:12
MERGED from [:firebase_core] AndroidManifest.xml:2:1-17:12
MERGED from [:image_picker_android] AndroidManifest.xml:2:1-21:12
MERGED from [:flutter_plugin_android_lifecycle] AndroidManifest.xml:2:1-9:12
MERGED from [:sqflite] AndroidManifest.xml:2:1-9:12
MERGED from [:path_provider_android] AndroidManifest.xml:2:1-9:12
MERGED from [:google_sign_in_android] AndroidManifest.xml:2:1-11:12
MERGED from [androidx.multidex:multidex:2.0.1] AndroidManifest.xml:17:1-22:12
MERGED from [com.google.firebase:firebase-auth:22.3.1] AndroidManifest.xml:17:1-75:12
MERGED from [com.google.firebase:firebase-firestore:24.10.1] AndroidManifest.xml:2:1-26:12
MERGED from [com.google.firebase:firebase-storage:20.3.0] AndroidManifest.xml:15:1-39:12
MERGED from [com.google.firebase:firebase-appcheck:17.1.1] AndroidManifest.xml:15:1-34:12
MERGED from [com.google.firebase:firebase-common-ktx:20.4.2] AndroidManifest.xml:2:1-18:12
MERGED from [com.google.android.gms:play-services-auth:20.7.0] AndroidManifest.xml:17:1-40:12
MERGED from [com.google.android.gms:play-services-auth-api-phone:18.0.1] AndroidManifest.xml:2:1-7:12
MERGED from [com.google.android.gms:play-services-auth-base:18.0.4] AndroidManifest.xml:2:1-7:12
MERGED from [com.google.android.gms:play-services-fido:20.0.1] AndroidManifest.xml:2:1-10:12
MERGED from [com.google.firebase:firebase-database-collection:18.0.1] AndroidManifest.xml:2:1-9:12
MERGED from [com.google.firebase:firebase-appcheck-interop:17.1.0] AndroidManifest.xml:15:1-23:12
MERGED from [com.google.android.gms:play-services-base:18.0.1] AndroidManifest.xml:16:1-24:12
MERGED from [com.google.firebase:firebase-auth-interop:20.0.0] AndroidManifest.xml:2:1-10:12
MERGED from [com.google.firebase:firebase-common:20.4.2] AndroidManifest.xml:15:1-41:12
MERGED from [com.google.android.recaptcha:recaptcha:18.4.0] AndroidManifest.xml:2:1-11:12
MERGED from [com.google.android.play:integrity:1.2.0] AndroidManifest.xml:2:1-7:12
MERGED from [androidx.window:window-java:1.0.0-beta04] AndroidManifest.xml:17:1-23:12
MERGED from [com.google.android.gms:play-services-tasks:18.0.2] AndroidManifest.xml:2:1-6:12
MERGED from [com.google.android.gms:play-services-basement:18.2.0] AndroidManifest.xml:16:1-26:12
MERGED from [androidx.fragment:fragment:1.1.0] AndroidManifest.xml:17:1-24:12
MERGED from [androidx.activity:activity:1.7.2] AndroidManifest.xml:17:1-22:12
MERGED from [androidx.loader:loader:1.0.0] AndroidManifest.xml:17:1-22:12
MERGED from [androidx.viewpager:viewpager:1.0.0] AndroidManifest.xml:17:1-22:12
MERGED from [androidx.window:window:1.0.0-beta04] AndroidManifest.xml:17:1-33:12
MERGED from [androidx.browser:browser:1.4.0] AndroidManifest.xml:17:1-24:12
MERGED from [androidx.core:core-ktx:1.10.1] AndroidManifest.xml:2:1-7:12
MERGED from [androidx.customview:customview:1.0.0] AndroidManifest.xml:17:1-22:12
MERGED from [androidx.core:core:1.10.1] AndroidManifest.xml:17:1-30:12
MERGED from [androidx.savedstate:savedstate:1.2.1] AndroidManifest.xml:17:1-22:12
MERGED from [androidx.lifecycle:lifecycle-livedata:2.6.1] AndroidManifest.xml:17:1-22:12
MERGED from [androidx.lifecycle:lifecycle-livedata-core:2.6.1] AndroidManifest.xml:17:1-22:12
MERGED from [androidx.lifecycle:lifecycle-viewmodel:2.6.1] AndroidManifest.xml:17:1-22:12
MERGED from [androidx.lifecycle:lifecycle-runtime:2.6.1] AndroidManifest.xml:2:1-7:12
MERGED from [androidx.lifecycle:lifecycle-viewmodel-savedstate:2.6.1] AndroidManifest.xml:17:1-22:12
MERGED from [androidx.exifinterface:exifinterface:1.3.6] AndroidManifest.xml:17:1-24:12
MERGED from [androidx.profileinstaller:profileinstaller:1.3.0] AndroidManifest.xml:17:1-55:12
MERGED from [androidx.startup:startup-runtime:1.1.1] AndroidManifest.xml:17:1-33:12
MERGED from [androidx.tracing:tracing:1.0.0] AndroidManifest.xml:17:1-24:12
MERGED from [androidx.interpolator:interpolator:1.0.0] AndroidManifest.xml:17:1-22:12
MERGED from [androidx.versionedparcelable:versionedparcelable:1.1.1] AndroidManifest.xml:17:1-27:12
MERGED from [androidx.localbroadcastmanager:localbroadcastmanager:1.0.0] AndroidManifest.xml:17:1-22:12
MERGED from [com.google.firebase:firebase-components:17.1.5] AndroidManifest.xml:15:1-20:12
MERGED from [androidx.arch.core:core-runtime:2.2.0] AndroidManifest.xml:17:1-22:12
MERGED from [io.grpc:grpc-android:1.57.2] AndroidManifest.xml:2:1-9:12
MERGED from [androidx.annotation:annotation-experimental:1.3.0] AndroidManifest.xml:17:1-22:12
MERGED from [com.google.firebase:protolite-well-known-types:18.0.0] AndroidManifest.xml:2:1-11:12
INJECTED from src\main\AndroidManifest.xml:1:1-34:12
INJECTED from src\main\AndroidManifest.xml:1:1-34:12
INJECTED from src\main\AndroidManifest.xml:1:1-34:12
	package
		ADDED from src\main\AndroidManifest.xml:2:5-35
		INJECTED from src\main\AndroidManifest.xml
		INJECTED from src\main\AndroidManifest.xml
	android:versionName
		INJECTED from src\main\AndroidManifest.xml
		ADDED from src\main\AndroidManifest.xml:1:1-34:12
		INJECTED from src\main\AndroidManifest.xml
	android:versionCode
		INJECTED from src\main\AndroidManifest.xml
		ADDED from src\main\AndroidManifest.xml:1:1-34:12
		INJECTED from src\main\AndroidManifest.xml
	xmlns:android
		ADDED from src\main\AndroidManifest.xml:1:11-69
uses-sdk
INJECTED from src\main\AndroidManifest.xml reason: use-sdk injection requested
INJECTED from src\main\AndroidManifest.xml
INJECTED from src\main\AndroidManifest.xml
MERGED from [:shared_preferences_android] AndroidManifest.xml:5:5-7:41
MERGED from [:shared_preferences_android] AndroidManifest.xml:5:5-7:41
MERGED from [:firebase_auth] AndroidManifest.xml:5:5-7:41
MERGED from [:firebase_auth] AndroidManifest.xml:5:5-7:41
MERGED from [:firebase_storage] AndroidManifest.xml:5:5-7:41
MERGED from [:firebase_storage] AndroidManifest.xml:5:5-7:41
MERGED from [:cloud_firestore] AndroidManifest.xml:5:5-7:41
MERGED from [:cloud_firestore] AndroidManifest.xml:5:5-7:41
MERGED from [:firebase_core] AndroidManifest.xml:5:5-7:41
MERGED from [:firebase_core] AndroidManifest.xml:5:5-7:41
MERGED from [:image_picker_android] AndroidManifest.xml:5:5-7:41
MERGED from [:image_picker_android] AndroidManifest.xml:5:5-7:41
MERGED from [:flutter_plugin_android_lifecycle] AndroidManifest.xml:5:5-7:41
MERGED from [:flutter_plugin_android_lifecycle] AndroidManifest.xml:5:5-7:41
MERGED from [:sqflite] AndroidManifest.xml:5:5-7:41
MERGED from [:sqflite] AndroidManifest.xml:5:5-7:41
MERGED from [:path_provider_android] AndroidManifest.xml:5:5-7:41
MERGED from [:path_provider_android] AndroidManifest.xml:5:5-7:41
MERGED from [:google_sign_in_android] AndroidManifest.xml:5:5-7:41
MERGED from [:google_sign_in_android] AndroidManifest.xml:5:5-7:41
MERGED from [androidx.multidex:multidex:2.0.1] AndroidManifest.xml:20:5-43
MERGED from [androidx.multidex:multidex:2.0.1] AndroidManifest.xml:20:5-43
MERGED from [com.google.firebase:firebase-auth:22.3.1] AndroidManifest.xml:21:5-23:64
MERGED from [com.google.firebase:firebase-auth:22.3.1] AndroidManifest.xml:21:5-23:64
MERGED from [com.google.firebase:firebase-firestore:24.10.1] AndroidManifest.xml:6:5-44
MERGED from [com.google.firebase:firebase-firestore:24.10.1] AndroidManifest.xml:6:5-44
MERGED from [com.google.firebase:firebase-storage:20.3.0] AndroidManifest.xml:19:5-44
MERGED from [com.google.firebase:firebase-storage:20.3.0] AndroidManifest.xml:19:5-44
MERGED from [com.google.firebase:firebase-appcheck:17.1.1] AndroidManifest.xml:18:5-44
MERGED from [com.google.firebase:firebase-appcheck:17.1.1] AndroidManifest.xml:18:5-44
MERGED from [com.google.firebase:firebase-common-ktx:20.4.2] AndroidManifest.xml:5:5-44
MERGED from [com.google.firebase:firebase-common-ktx:20.4.2] AndroidManifest.xml:5:5-44
MERGED from [com.google.android.gms:play-services-auth:20.7.0] AndroidManifest.xml:20:5-44
MERGED from [com.google.android.gms:play-services-auth:20.7.0] AndroidManifest.xml:20:5-44
MERGED from [com.google.android.gms:play-services-auth-api-phone:18.0.1] AndroidManifest.xml:5:5-44
MERGED from [com.google.android.gms:play-services-auth-api-phone:18.0.1] AndroidManifest.xml:5:5-44
MERGED from [com.google.android.gms:play-services-auth-base:18.0.4] AndroidManifest.xml:5:5-44
MERGED from [com.google.android.gms:play-services-auth-base:18.0.4] AndroidManifest.xml:5:5-44
MERGED from [com.google.android.gms:play-services-fido:20.0.1] AndroidManifest.xml:5:5-44
MERGED from [com.google.android.gms:play-services-fido:20.0.1] AndroidManifest.xml:5:5-44
MERGED from [com.google.firebase:firebase-database-collection:18.0.1] AndroidManifest.xml:5:5-7:41
MERGED from [com.google.firebase:firebase-database-collection:18.0.1] AndroidManifest.xml:5:5-7:41
MERGED from [com.google.firebase:firebase-appcheck-interop:17.1.0] AndroidManifest.xml:18:5-44
MERGED from [com.google.firebase:firebase-appcheck-interop:17.1.0] AndroidManifest.xml:18:5-44
MERGED from [com.google.android.gms:play-services-base:18.0.1] AndroidManifest.xml:18:5-43
MERGED from [com.google.android.gms:play-services-base:18.0.1] AndroidManifest.xml:18:5-43
MERGED from [com.google.firebase:firebase-auth-interop:20.0.0] AndroidManifest.xml:5:5-44
MERGED from [com.google.firebase:firebase-auth-interop:20.0.0] AndroidManifest.xml:5:5-44
MERGED from [com.google.firebase:firebase-common:20.4.2] AndroidManifest.xml:19:5-44
MERGED from [com.google.firebase:firebase-common:20.4.2] AndroidManifest.xml:19:5-44
MERGED from [com.google.android.recaptcha:recaptcha:18.4.0] AndroidManifest.xml:5:5-44
MERGED from [com.google.android.recaptcha:recaptcha:18.4.0] AndroidManifest.xml:5:5-44
MERGED from [com.google.android.play:integrity:1.2.0] AndroidManifest.xml:4:5-44
MERGED from [com.google.android.play:integrity:1.2.0] AndroidManifest.xml:4:5-44
MERGED from [androidx.window:window-java:1.0.0-beta04] AndroidManifest.xml:19:5-21:41
MERGED from [androidx.window:window-java:1.0.0-beta04] AndroidManifest.xml:19:5-21:41
MERGED from [com.google.android.gms:play-services-tasks:18.0.2] AndroidManifest.xml:4:5-43
MERGED from [com.google.android.gms:play-services-tasks:18.0.2] AndroidManifest.xml:4:5-43
MERGED from [com.google.android.gms:play-services-basement:18.2.0] AndroidManifest.xml:18:5-43
MERGED from [com.google.android.gms:play-services-basement:18.2.0] AndroidManifest.xml:18:5-43
MERGED from [androidx.fragment:fragment:1.1.0] AndroidManifest.xml:20:5-22:41
MERGED from [androidx.fragment:fragment:1.1.0] AndroidManifest.xml:20:5-22:41
MERGED from [androidx.activity:activity:1.7.2] AndroidManifest.xml:20:5-44
MERGED from [androidx.activity:activity:1.7.2] AndroidManifest.xml:20:5-44
MERGED from [androidx.loader:loader:1.0.0] AndroidManifest.xml:20:5-44
MERGED from [androidx.loader:loader:1.0.0] AndroidManifest.xml:20:5-44
MERGED from [androidx.viewpager:viewpager:1.0.0] AndroidManifest.xml:20:5-44
MERGED from [androidx.viewpager:viewpager:1.0.0] AndroidManifest.xml:20:5-44
MERGED from [androidx.window:window:1.0.0-beta04] AndroidManifest.xml:20:5-22:41
MERGED from [androidx.window:window:1.0.0-beta04] AndroidManifest.xml:20:5-22:41
MERGED from [androidx.browser:browser:1.4.0] AndroidManifest.xml:20:5-22:41
MERGED from [androidx.browser:browser:1.4.0] AndroidManifest.xml:20:5-22:41
MERGED from [androidx.core:core-ktx:1.10.1] AndroidManifest.xml:5:5-44
MERGED from [androidx.core:core-ktx:1.10.1] AndroidManifest.xml:5:5-44
MERGED from [androidx.customview:customview:1.0.0] AndroidManifest.xml:20:5-44
MERGED from [androidx.customview:customview:1.0.0] AndroidManifest.xml:20:5-44
MERGED from [androidx.core:core:1.10.1] AndroidManifest.xml:20:5-44
MERGED from [androidx.core:core:1.10.1] AndroidManifest.xml:20:5-44
MERGED from [androidx.savedstate:savedstate:1.2.1] AndroidManifest.xml:20:5-44
MERGED from [androidx.savedstate:savedstate:1.2.1] AndroidManifest.xml:20:5-44
MERGED from [androidx.lifecycle:lifecycle-livedata:2.6.1] AndroidManifest.xml:20:5-44
MERGED from [androidx.lifecycle:lifecycle-livedata:2.6.1] AndroidManifest.xml:20:5-44
MERGED from [androidx.lifecycle:lifecycle-livedata-core:2.6.1] AndroidManifest.xml:20:5-44
MERGED from [androidx.lifecycle:lifecycle-livedata-core:2.6.1] AndroidManifest.xml:20:5-44
MERGED from [androidx.lifecycle:lifecycle-viewmodel:2.6.1] AndroidManifest.xml:20:5-44
MERGED from [androidx.lifecycle:lifecycle-viewmodel:2.6.1] AndroidManifest.xml:20:5-44
MERGED from [androidx.lifecycle:lifecycle-runtime:2.6.1] AndroidManifest.xml:5:5-44
MERGED from [androidx.lifecycle:lifecycle-runtime:2.6.1] AndroidManifest.xml:5:5-44
MERGED from [androidx.lifecycle:lifecycle-viewmodel-savedstate:2.6.1] AndroidManifest.xml:20:5-44
MERGED from [androidx.lifecycle:lifecycle-viewmodel-savedstate:2.6.1] AndroidManifest.xml:20:5-44
MERGED from [androidx.exifinterface:exifinterface:1.3.6] AndroidManifest.xml:20:5-22:41
MERGED from [androidx.exifinterface:exifinterface:1.3.6] AndroidManifest.xml:20:5-22:41
MERGED from [androidx.profileinstaller:profileinstaller:1.3.0] AndroidManifest.xml:21:5-44
MERGED from [androidx.profileinstaller:profileinstaller:1.3.0] AndroidManifest.xml:21:5-44
MERGED from [androidx.startup:startup-runtime:1.1.1] AndroidManifest.xml:21:5-23:41
MERGED from [androidx.startup:startup-runtime:1.1.1] AndroidManifest.xml:21:5-23:41
MERGED from [androidx.tracing:tracing:1.0.0] AndroidManifest.xml:20:5-22:41
MERGED from [androidx.tracing:tracing:1.0.0] AndroidManifest.xml:20:5-22:41
MERGED from [androidx.interpolator:interpolator:1.0.0] AndroidManifest.xml:20:5-44
MERGED from [androidx.interpolator:interpolator:1.0.0] AndroidManifest.xml:20:5-44
MERGED from [androidx.versionedparcelable:versionedparcelable:1.1.1] AndroidManifest.xml:20:5-22:41
MERGED from [androidx.versionedparcelable:versionedparcelable:1.1.1] AndroidManifest.xml:20:5-22:41
MERGED from [androidx.localbroadcastmanager:localbroadcastmanager:1.0.0] AndroidManifest.xml:20:5-44
MERGED from [androidx.localbroadcastmanager:localbroadcastmanager:1.0.0] AndroidManifest.xml:20:5-44
MERGED from [com.google.firebase:firebase-components:17.1.5] AndroidManifest.xml:18:5-44
MERGED from [com.google.firebase:firebase-components:17.1.5] AndroidManifest.xml:18:5-44
MERGED from [androidx.arch.core:core-runtime:2.2.0] AndroidManifest.xml:20:5-44
MERGED from [androidx.arch.core:core-runtime:2.2.0] AndroidManifest.xml:20:5-44
MERGED from [io.grpc:grpc-android:1.57.2] AndroidManifest.xml:5:5-44
MERGED from [io.grpc:grpc-android:1.57.2] AndroidManifest.xml:5:5-44
MERGED from [androidx.annotation:annotation-experimental:1.3.0] AndroidManifest.xml:20:5-44
MERGED from [androidx.annotation:annotation-experimental:1.3.0] AndroidManifest.xml:20:5-44
MERGED from [com.google.firebase:protolite-well-known-types:18.0.0] AndroidManifest.xml:7:5-9:41
MERGED from [com.google.firebase:protolite-well-known-types:18.0.0] AndroidManifest.xml:7:5-9:41
INJECTED from src\main\AndroidManifest.xml
INJECTED from src\main\AndroidManifest.xml
	tools:overrideLibrary
		ADDED from [com.google.firebase:firebase-auth:22.3.1] AndroidManifest.xml:23:9-61
	android:targetSdkVersion
		INJECTED from src\main\AndroidManifest.xml
		ADDED from src\main\AndroidManifest.xml
		INJECTED from src\main\AndroidManifest.xml
	android:minSdkVersion
		INJECTED from src\main\AndroidManifest.xml
		ADDED from src\main\AndroidManifest.xml
		INJECTED from src\main\AndroidManifest.xml
activity#com.example.the_wall.MainActivity
ADDED from src\main\AndroidManifest.xml:7:9-27:20
	android:launchMode
		ADDED from src\main\AndroidManifest.xml:10:13-43
	android:hardwareAccelerated
		ADDED from src\main\AndroidManifest.xml:13:13-47
	android:windowSoftInputMode
		ADDED from src\main\AndroidManifest.xml:14:13-55
	android:exported
		ADDED from src\main\AndroidManifest.xml:9:13-36
	android:configChanges
		ADDED from src\main\AndroidManifest.xml:12:13-163
	android:theme
		ADDED from src\main\AndroidManifest.xml:11:13-47
	android:name
		ADDED from src\main\AndroidManifest.xml:8:13-41
meta-data#io.flutter.embedding.android.NormalTheme
ADDED from src\main\AndroidManifest.xml:19:13-22:17
	android:resource
		ADDED from src\main\AndroidManifest.xml:21:15-52
	android:name
		ADDED from src\main\AndroidManifest.xml:20:15-70
intent-filter#action:name:android.intent.action.MAIN+category:name:android.intent.category.LAUNCHER
ADDED from src\main\AndroidManifest.xml:23:13-26:29
action#android.intent.action.MAIN
ADDED from src\main\AndroidManifest.xml:24:17-68
	android:name
		ADDED from src\main\AndroidManifest.xml:24:25-66
category#android.intent.category.LAUNCHER
ADDED from src\main\AndroidManifest.xml:25:17-76
	android:name
		ADDED from src\main\AndroidManifest.xml:25:27-74
meta-data#flutterEmbedding
ADDED from src\main\AndroidManifest.xml:30:9-32:33
	android:value
		ADDED from src\main\AndroidManifest.xml:32:13-30
	android:name
		ADDED from src\main\AndroidManifest.xml:31:13-44
service#com.google.firebase.components.ComponentDiscoveryService
ADDED from [:firebase_auth] AndroidManifest.xml:10:9-14:19
MERGED from [:firebase_storage] AndroidManifest.xml:10:9-14:19
MERGED from [:firebase_storage] AndroidManifest.xml:10:9-14:19
MERGED from [:cloud_firestore] AndroidManifest.xml:10:9-14:19
MERGED from [:cloud_firestore] AndroidManifest.xml:10:9-14:19
MERGED from [:firebase_core] AndroidManifest.xml:10:9-14:19
MERGED from [:firebase_core] AndroidManifest.xml:10:9-14:19
MERGED from [com.google.firebase:firebase-auth:22.3.1] AndroidManifest.xml:66:9-72:19
MERGED from [com.google.firebase:firebase-auth:22.3.1] AndroidManifest.xml:66:9-72:19
MERGED from [com.google.firebase:firebase-firestore:24.10.1] AndroidManifest.xml:14:9-23:19
MERGED from [com.google.firebase:firebase-firestore:24.10.1] AndroidManifest.xml:14:9-23:19
MERGED from [com.google.firebase:firebase-storage:20.3.0] AndroidManifest.xml:27:9-36:19
MERGED from [com.google.firebase:firebase-storage:20.3.0] AndroidManifest.xml:27:9-36:19
MERGED from [com.google.firebase:firebase-appcheck:17.1.1] AndroidManifest.xml:22:9-31:19
MERGED from [com.google.firebase:firebase-appcheck:17.1.1] AndroidManifest.xml:22:9-31:19
MERGED from [com.google.firebase:firebase-common-ktx:20.4.2] AndroidManifest.xml:9:9-15:19
MERGED from [com.google.firebase:firebase-common-ktx:20.4.2] AndroidManifest.xml:9:9-15:19
MERGED from [com.google.firebase:firebase-common:20.4.2] AndroidManifest.xml:30:9-38:19
MERGED from [com.google.firebase:firebase-common:20.4.2] AndroidManifest.xml:30:9-38:19
	android:exported
		ADDED from [com.google.firebase:firebase-auth:22.3.1] AndroidManifest.xml:68:13-37
	tools:targetApi
		ADDED from [com.google.firebase:firebase-common:20.4.2] AndroidManifest.xml:34:13-32
	android:directBootAware
		ADDED from [com.google.firebase:firebase-common:20.4.2] AndroidManifest.xml:32:13-43
	android:name
		ADDED from [:firebase_auth] AndroidManifest.xml:10:18-89
meta-data#com.google.firebase.components:io.flutter.plugins.firebase.auth.FlutterFirebaseAuthRegistrar
ADDED from [:firebase_auth] AndroidManifest.xml:11:13-13:85
	android:value
		ADDED from [:firebase_auth] AndroidManifest.xml:13:17-82
	android:name
		ADDED from [:firebase_auth] AndroidManifest.xml:12:17-124
meta-data#com.google.firebase.components:io.flutter.plugins.firebase.storage.FlutterFirebaseAppRegistrar
ADDED from [:firebase_storage] AndroidManifest.xml:11:13-13:85
	android:value
		ADDED from [:firebase_storage] AndroidManifest.xml:13:17-82
	android:name
		ADDED from [:firebase_storage] AndroidManifest.xml:12:17-126
meta-data#com.google.firebase.components:io.flutter.plugins.firebase.firestore.FlutterFirebaseFirestoreRegistrar
ADDED from [:cloud_firestore] AndroidManifest.xml:11:13-13:85
	android:value
		ADDED from [:cloud_firestore] AndroidManifest.xml:13:17-82
	android:name
		ADDED from [:cloud_firestore] AndroidManifest.xml:12:17-134
meta-data#com.google.firebase.components:io.flutter.plugins.firebase.core.FlutterFirebaseCoreRegistrar
ADDED from [:firebase_core] AndroidManifest.xml:11:13-13:85
	android:value
		ADDED from [:firebase_core] AndroidManifest.xml:13:17-82
	android:name
		ADDED from [:firebase_core] AndroidManifest.xml:12:17-124
provider#io.flutter.plugins.imagepicker.ImagePickerFileProvider
ADDED from [:image_picker_android] AndroidManifest.xml:10:9-18:20
	android:grantUriPermissions
		ADDED from [:image_picker_android] AndroidManifest.xml:14:13-47
	android:authorities
		ADDED from [:image_picker_android] AndroidManifest.xml:12:13-74
	android:exported
		ADDED from [:image_picker_android] AndroidManifest.xml:13:13-37
	android:name
		ADDED from [:image_picker_android] AndroidManifest.xml:11:13-82
meta-data#android.support.FILE_PROVIDER_PATHS
ADDED from [:image_picker_android] AndroidManifest.xml:15:13-17:75
	android:resource
		ADDED from [:image_picker_android] AndroidManifest.xml:17:17-72
	android:name
		ADDED from [:image_picker_android] AndroidManifest.xml:16:17-67
uses-permission#android.permission.INTERNET
ADDED from [:google_sign_in_android] AndroidManifest.xml:9:5-67
MERGED from [com.google.firebase:firebase-auth:22.3.1] AndroidManifest.xml:25:5-67
MERGED from [com.google.firebase:firebase-auth:22.3.1] AndroidManifest.xml:25:5-67
MERGED from [com.google.firebase:firebase-firestore:24.10.1] AndroidManifest.xml:11:5-67
MERGED from [com.google.firebase:firebase-firestore:24.10.1] AndroidManifest.xml:11:5-67
MERGED from [com.google.firebase:firebase-storage:20.3.0] AndroidManifest.xml:24:5-67
MERGED from [com.google.firebase:firebase-storage:20.3.0] AndroidManifest.xml:24:5-67
MERGED from [com.google.android.recaptcha:recaptcha:18.4.0] AndroidManifest.xml:7:5-67
MERGED from [com.google.android.recaptcha:recaptcha:18.4.0] AndroidManifest.xml:7:5-67
	android:name
		ADDED from [:google_sign_in_android] AndroidManifest.xml:9:22-64
uses-permission#android.permission.ACCESS_NETWORK_STATE
ADDED from [com.google.firebase:firebase-auth:22.3.1] AndroidManifest.xml:26:5-79
MERGED from [com.google.firebase:firebase-firestore:24.10.1] AndroidManifest.xml:10:5-79
MERGED from [com.google.firebase:firebase-firestore:24.10.1] AndroidManifest.xml:10:5-79
MERGED from [com.google.firebase:firebase-storage:20.3.0] AndroidManifest.xml:23:5-79
MERGED from [com.google.firebase:firebase-storage:20.3.0] AndroidManifest.xml:23:5-79
MERGED from [com.google.android.recaptcha:recaptcha:18.4.0] AndroidManifest.xml:8:5-79
MERGED from [com.google.android.recaptcha:recaptcha:18.4.0] AndroidManifest.xml:8:5-79
MERGED from [io.grpc:grpc-android:1.57.2] AndroidManifest.xml:7:5-79
MERGED from [io.grpc:grpc-android:1.57.2] AndroidManifest.xml:7:5-79
	android:name
		ADDED from [com.google.firebase:firebase-auth:22.3.1] AndroidManifest.xml:26:22-76
activity#com.google.firebase.auth.internal.GenericIdpActivity
ADDED from [com.google.firebase:firebase-auth:22.3.1] AndroidManifest.xml:29:9-46:20
	android:excludeFromRecents
		ADDED from [com.google.firebase:firebase-auth:22.3.1] AndroidManifest.xml:31:13-46
	android:launchMode
		ADDED from [com.google.firebase:firebase-auth:22.3.1] AndroidManifest.xml:33:13-44
	android:exported
		ADDED from [com.google.firebase:firebase-auth:22.3.1] AndroidManifest.xml:32:13-36
	android:theme
		ADDED from [com.google.firebase:firebase-auth:22.3.1] AndroidManifest.xml:34:13-72
	android:name
		ADDED from [com.google.firebase:firebase-auth:22.3.1] AndroidManifest.xml:30:13-80
intent-filter#action:name:android.intent.action.VIEW+category:name:android.intent.category.BROWSABLE+category:name:android.intent.category.DEFAULT+data:host:firebase.auth+data:path:/+data:scheme:genericidp
ADDED from [com.google.firebase:firebase-auth:22.3.1] AndroidManifest.xml:35:13-45:29
action#android.intent.action.VIEW
ADDED from [com.google.firebase:firebase-auth:22.3.1] AndroidManifest.xml:36:17-69
	android:name
		ADDED from [com.google.firebase:firebase-auth:22.3.1] AndroidManifest.xml:36:25-66
category#android.intent.category.DEFAULT
ADDED from [com.google.firebase:firebase-auth:22.3.1] AndroidManifest.xml:38:17-76
	android:name
		ADDED from [com.google.firebase:firebase-auth:22.3.1] AndroidManifest.xml:38:27-73
category#android.intent.category.BROWSABLE
ADDED from [com.google.firebase:firebase-auth:22.3.1] AndroidManifest.xml:39:17-78
	android:name
		ADDED from [com.google.firebase:firebase-auth:22.3.1] AndroidManifest.xml:39:27-75
data
ADDED from [com.google.firebase:firebase-auth:22.3.1] AndroidManifest.xml:41:17-44:51
	android:path
		ADDED from [com.google.firebase:firebase-auth:22.3.1] AndroidManifest.xml:43:21-37
	android:host
		ADDED from [com.google.firebase:firebase-auth:22.3.1] AndroidManifest.xml:42:21-49
	android:scheme
		ADDED from [com.google.firebase:firebase-auth:22.3.1] AndroidManifest.xml:44:21-48
activity#com.google.firebase.auth.internal.RecaptchaActivity
ADDED from [com.google.firebase:firebase-auth:22.3.1] AndroidManifest.xml:47:9-64:20
	android:excludeFromRecents
		ADDED from [com.google.firebase:firebase-auth:22.3.1] AndroidManifest.xml:49:13-46
	android:launchMode
		ADDED from [com.google.firebase:firebase-auth:22.3.1] AndroidManifest.xml:51:13-44
	android:exported
		ADDED from [com.google.firebase:firebase-auth:22.3.1] AndroidManifest.xml:50:13-36
	android:theme